<?xml version="1.0" encoding="UTF-8"?>
<testsuite name="examplefuncsplayer.RobotPlayerTest" tests="1" skipped="0" failures="0" errors="0" timestamp="2025-01-24T19:59:15" hostname="LAPTOP-1TVLNTSJ" time="0.007">
  <properties/>
  <testcase name="testSanity" classname="examplefuncsplayer.RobotPlayerTest" time="0.007"/>
  <system-out><![CDATA[]]></system-out>
  <system-err><![CDATA[]]></system-err>
</testsuite>
